<?xml version="1.0" encoding="UTF-8"?>
<!-- Generated by org.testng.reporters.JUnitXMLReporter -->
<testsuite hostname="DESKTOP-FVELIPB" ignored="0" name="Test" tests="3" failures="1" timestamp="06 Mar 2020 05:14:45 GMT" time="89.629" errors="0">
  <testcase name="ValidLoginLogout" time="12.004" classname="Com_ActiTime_Test.ValidLoginLogoutTest"/>
  <testcase name="InvalidLogin" time="16.175" classname="Com_ActiTime_Test.InvalidLoginTest"/>
  <testcase name="Verifyversion" time="0.227" classname="Com_ActiTime_Test.VerifyversionTest">
    <failure type="java.lang.AssertionError" message="The following asserts failed:
	expected [actiTIME 2020] but found [actiTIME 2020 Online]">
      <![CDATA[java.lang.AssertionError: The following asserts failed:
expected [actiTIME 2020] but found [actiTIME 2020 Online]
at Com_ActiTime_Test.VerifyversionTest.Verifyversion(VerifyversionTest.java:22)
... Removed 25 stack frames]]>
    </failure>
  </testcase> <!-- Verifyversion -->
</testsuite> <!-- Test -->
