<?xml version="1.0" encoding="UTF-8"?>
<!-- Generated by org.testng.reporters.JUnitXMLReporter -->
<testsuite hostname="DESKTOP-FVELIPB" ignored="0" name="Test(failed)" tests="1" failures="1" timestamp="06 Mar 2020 05:16:54 GMT" time="21.301" errors="0">
  <testcase name="Verifyversion" time="1.364" classname="Com_ActiTime_Test.VerifyversionTest">
    <failure type="java.lang.AssertionError" message="The following asserts failed:
	expected [actiTIME 2020] but found [actiTIME 2020 Online]">
      <![CDATA[java.lang.AssertionError: The following asserts failed:
expected [actiTIME 2020] but found [actiTIME 2020 Online]
at Com_ActiTime_Test.VerifyversionTest.Verifyversion(VerifyversionTest.java:22)
... Removed 26 stack frames]]>
    </failure>
  </testcase> <!-- Verifyversion -->
</testsuite> <!-- Test(failed) -->
