<?xml version="1.0" encoding="UTF-8"?>
<testng-results skipped="0" failed="1" ignored="0" total="1" passed="0">
  <reporter-output>
    <line>
      <![CDATA[Title is matching ]]>
    </line>
    <line>
      <![CDATA[Matching title is actiTIME - Login]]>
    </line>
    <line>
      <![CDATA[Element is displayed.........]]>
    </line>
  </reporter-output>
  <suite name="Failed suite [Suite]" duration-ms="21301" started-at="2020-03-06T05:16:32Z" finished-at="2020-03-06T05:16:53Z">
    <groups>
    </groups>
    <test name="Test(failed)" duration-ms="21301" started-at="2020-03-06T05:16:32Z" finished-at="2020-03-06T05:16:53Z">
      <class name="Com_ActiTime_Test.VerifyversionTest">
        <test-method status="PASS" signature="Precondition()[pri:0, instance:Com_ActiTime_Test.VerifyversionTest@27efef64]" name="Precondition" is-config="true" duration-ms="17313" started-at="2020-03-06T05:16:32Z" finished-at="2020-03-06T05:16:50Z">
          <reporter-output>
          </reporter-output>
        </test-method> <!-- Precondition -->
        <test-method status="FAIL" signature="Verifyversion()[pri:3, instance:Com_ActiTime_Test.VerifyversionTest@27efef64]" name="Verifyversion" duration-ms="1364" started-at="2020-03-06T05:16:50Z" finished-at="2020-03-06T05:16:51Z">
          <exception class="java.lang.AssertionError">
            <message>
              <![CDATA[The following asserts failed:
expected [actiTIME 2020] but found [actiTIME 2020 Online]]]>
            </message>
            <full-stacktrace>
              <![CDATA[java.lang.AssertionError: The following asserts failed:
expected [actiTIME 2020] but found [actiTIME 2020 Online]
at org.testng.asserts.SoftAssert.assertAll(SoftAssert.java:43)
at Com_ActiTime_Test.VerifyversionTest.Verifyversion(VerifyversionTest.java:22)
at sun.reflect.NativeMethodAccessorImpl.invoke0(Native Method)
at sun.reflect.NativeMethodAccessorImpl.invoke(Unknown Source)
at sun.reflect.DelegatingMethodAccessorImpl.invoke(Unknown Source)
at java.lang.reflect.Method.invoke(Unknown Source)
at org.testng.internal.MethodInvocationHelper.invokeMethod(MethodInvocationHelper.java:124)
at org.testng.internal.Invoker.invokeMethod(Invoker.java:583)
at org.testng.internal.Invoker.invokeTestMethod(Invoker.java:719)
at org.testng.internal.Invoker.invokeTestMethods(Invoker.java:989)
at org.testng.internal.TestMethodWorker.invokeTestMethods(TestMethodWorker.java:125)
at org.testng.internal.TestMethodWorker.run(TestMethodWorker.java:109)
at org.testng.TestRunner.privateRun(TestRunner.java:648)
at org.testng.TestRunner.run(TestRunner.java:505)
at org.testng.SuiteRunner.runTest(SuiteRunner.java:455)
at org.testng.SuiteRunner.runSequentially(SuiteRunner.java:450)
at org.testng.SuiteRunner.privateRun(SuiteRunner.java:415)
at org.testng.SuiteRunner.run(SuiteRunner.java:364)
at org.testng.SuiteRunnerWorker.runSuite(SuiteRunnerWorker.java:52)
at org.testng.SuiteRunnerWorker.run(SuiteRunnerWorker.java:84)
at org.testng.TestNG.runSuitesSequentially(TestNG.java:1208)
at org.testng.TestNG.runSuitesLocally(TestNG.java:1137)
at org.testng.TestNG.runSuites(TestNG.java:1049)
at org.testng.TestNG.run(TestNG.java:1017)
at org.testng.remote.AbstractRemoteTestNG.run(AbstractRemoteTestNG.java:114)
at org.testng.remote.RemoteTestNG.initAndRun(RemoteTestNG.java:251)
at org.testng.remote.RemoteTestNG.main(RemoteTestNG.java:77)
]]>
            </full-stacktrace>
          </exception> <!-- java.lang.AssertionError -->
          <reporter-output>
            <line>
              <![CDATA[Title is matching ]]>
            </line>
            <line>
              <![CDATA[Matching title is actiTIME - Login]]>
            </line>
            <line>
              <![CDATA[Element is displayed.........]]>
            </line>
          </reporter-output>
        </test-method> <!-- Verifyversion -->
        <test-method status="PASS" signature="Postcondition(org.testng.ITestResult)[pri:0, instance:Com_ActiTime_Test.VerifyversionTest@27efef64]" name="Postcondition" is-config="true" duration-ms="2573" started-at="2020-03-06T05:16:51Z" finished-at="2020-03-06T05:16:53Z">
          <params>
            <param index="0">
              <value>
                <![CDATA[[TestResult name=Verifyversion status=FAILURE method=VerifyversionTest.Verifyversion()[pri:3, instance:Com_ActiTime_Test.VerifyversionTest@27efef64] output=Title is matching ]]]>
              </value>
            </param>
          </params>
          <reporter-output>
          </reporter-output>
        </test-method> <!-- Postcondition -->
      </class> <!-- Com_ActiTime_Test.VerifyversionTest -->
    </test> <!-- Test(failed) -->
  </suite> <!-- Failed suite [Suite] -->
</testng-results>
